<?xml version="1.0" encoding="UTF-8"?>
<!-- Generated by org.testng.reporters.JUnitReportReporter -->
<testsuite hostname="LAPTOP-Zico" failures="0" tests="4" name="ui.SalaryTest" time="0.008" errors="0" timestamp="2022-10-03T01:15:57 CEST" skipped="1">
  <testcase classname="ui.SalaryTest" name="showAll" time="0.001"/>
  <system-out/>
  <testcase classname="ui.SalaryTest" name="showAll" time="0.007"/>
  <system-out/>
  <testcase classname="ui.SalaryTest" name="showAll" time="0.000"/>
  <system-out/>
  <testcase classname="ui.SalaryTest" name="showSalary">
    <skipped/>
  </testcase> <!-- showSalary -->
  <system-out/>
</testsuite> <!-- ui.SalaryTest -->
