<?xml version="1.0" encoding="UTF-8"?>
<!-- Generated by org.testng.reporters.JUnitReportReporter -->
<testsuite hostname="LAPTOP-Zico" failures="0" tests="1" name="webTest.Launcher" time="2.785" errors="0" timestamp="2022-10-03T01:07:33 CEST" skipped="0">
  <testcase classname="webTest.Launcher" name="browserSetUp" time="2.785"/>
  <system-out/>
</testsuite> <!-- webTest.Launcher -->
