<?xml version="1.0" encoding="UTF-8"?>
<!-- Generated by org.testng.reporters.JUnitReportReporter -->
<testsuite hostname="LAPTOP-Zico" failures="0" tests="2" name="utility.loginTest" time="0.292" errors="0" timestamp="2022-02-19T13:04:25 CET" skipped="1">
  <testcase classname="utility.loginTest" name="checkTitle" time="0.292"/>
  <system-out/>
  <testcase classname="utility.loginTest" name="checkLogin">
    <skipped/>
  </testcase> <!-- checkLogin -->
  <system-out/>
</testsuite> <!-- utility.loginTest -->
