<?xml version="1.0" encoding="UTF-8"?>
<!-- Generated by org.testng.reporters.JUnitReportReporter -->
<testsuite hostname="LAPTOP-Zico" failures="0" tests="2" name="ui.demo1Test" time="0.005" errors="0" timestamp="2022-09-29T01:21:34 CEST" skipped="0">
  <testcase classname="ui.demo1Test" name="example2" time="0.000"/>
  <system-out/>
  <testcase classname="ui.demo1Test" name="example1" time="0.005"/>
  <system-out/>
</testsuite> <!-- ui.demo1Test -->
