<?xml version="1.0" encoding="UTF-8"?>
<!-- Generated by org.testng.reporters.JUnitReportReporter -->
<testsuite hostname="LAPTOP-Zico" failures="0" tests="1" name="ui.demo2Test" time="0.004" errors="0" timestamp="2022-09-29T01:21:47 CEST" skipped="0">
  <testcase classname="ui.demo2Test" name="example4" time="0.004"/>
  <system-out/>
</testsuite> <!-- ui.demo2Test -->
