<?xml version="1.0" encoding="UTF-8"?>
<!-- Generated by org.testng.reporters.JUnitReportReporter -->
<testsuite hostname="LAPTOP-Zico" failures="0" tests="2" name="ui.demo1Test" time="0.007" errors="0" timestamp="2022-03-12T23:01:19 CET" skipped="0">
  <testcase classname="ui.demo1Test" name="example1" time="0.006"/>
  <system-out/>
  <testcase classname="ui.demo1Test" name="example2" time="0.001"/>
  <system-out/>
</testsuite> <!-- ui.demo1Test -->
