<?xml version="1.0" encoding="UTF-8"?>
<!-- Generated by org.testng.reporters.JUnitReportReporter -->
<testsuite hostname="LAPTOP-Zico" failures="0" tests="2" name="ui.demo2Test" time="0.000" errors="0" timestamp="2022-03-12T23:01:19 CET" skipped="0">
  <testcase classname="ui.demo2Test" name="example3" time="0.000"/>
  <system-out/>
  <testcase classname="ui.demo2Test" name="example4" time="0.000"/>
  <system-out/>
</testsuite> <!-- ui.demo2Test -->
