<?xml version="1.0" encoding="UTF-8"?>
<!-- Generated by org.testng.reporters.JUnitReportReporter -->
<testsuite hostname="LAPTOP-Zico" failures="0" tests="2" name="ui.demo3" time="0.003" errors="0" timestamp="2022-09-29T01:21:47 CEST" skipped="0">
  <testcase classname="ui.demo3" name="example6" time="0.001"/>
  <system-out/>
  <testcase classname="ui.demo3" name="example5" time="0.002"/>
  <system-out/>
</testsuite> <!-- ui.demo3 -->
