<?xml version="1.0" encoding="UTF-8"?>
<!-- Generated by org.testng.reporters.JUnitReportReporter -->
<testsuite hostname="LAPTOP-Zico" failures="0" tests="2" name="ui.demo3" time="0.008" errors="0" timestamp="2022-03-05T20:18:02 CET" skipped="0">
  <testcase classname="ui.demo3" name="example6" time="0.001"/>
  <system-out/>
  <testcase classname="ui.demo3" name="example5" time="0.007"/>
  <system-out/>
</testsuite> <!-- ui.demo3 -->
