<?xml version="1.0" encoding="UTF-8"?>
<!-- Generated by org.testng.reporters.JUnitReportReporter -->
<testsuite hostname="LAPTOP-Zico" failures="0" tests="2" name="demo1" time="0.009" errors="0" timestamp="2022-03-05T11:28:34 CET" skipped="0">
  <testcase classname="demo1" name="example2" time="0.006"/>
  <system-out/>
  <testcase classname="demo1" name="exampleTest" time="0.003"/>
  <system-out/>
</testsuite> <!-- demo1 -->
