<?xml version="1.0" encoding="UTF-8"?>
<!-- Generated by org.testng.reporters.JUnitReportReporter -->
<testsuite hostname="LAPTOP-Zico" failures="0" tests="2" name="ui.demo2Test" time="0.002" errors="0" timestamp="2023-08-27T16:06:20 CEST" skipped="0">
  <testcase classname="ui.demo2Test" name="example3" time="0.001"/>
  <system-out/>
  <testcase classname="ui.demo2Test" name="example4" time="0.001"/>
  <system-out/>
</testsuite> <!-- ui.demo2Test -->
