<?xml version="1.0" encoding="UTF-8"?>
<!-- Generated by org.testng.reporters.JUnitReportReporter -->
<testsuite hostname="LAPTOP-Zico" failures="0" tests="2" name="demo2Test" time="0.002" errors="0" timestamp="2022-03-05T11:57:30 CET" skipped="0">
  <testcase classname="demo2Test" name="example3" time="0.001"/>
  <system-out/>
  <testcase classname="demo2Test" name="example4" time="0.001"/>
  <system-out/>
</testsuite> <!-- demo2Test -->
