<?xml version="1.0" encoding="UTF-8"?>
<!-- Generated by org.testng.reporters.JUnitReportReporter -->
<testsuite hostname="LAPTOP-Zico" failures="0" tests="2" name="ui.demo3" time="0.007" errors="0" timestamp="2023-08-27T16:06:20 CEST" skipped="0">
  <testcase classname="ui.demo3" name="example5" time="0.007"/>
  <system-out/>
  <testcase classname="ui.demo3" name="example6" time="0.000"/>
  <system-out/>
</testsuite> <!-- ui.demo3 -->
