<?xml version="1.0" encoding="UTF-8"?>
<!-- Generated by org.testng.reporters.JUnitReportReporter -->
<testsuite hostname="LAPTOP-Zico" failures="0" tests="3" name="ui.LoginTest" time="7.213" errors="0" timestamp="2022-02-18T18:03:09 CET" skipped="0">
  <testcase classname="ui.LoginTest" name="checkLogin" time="2.219"/>
  <system-out/>
  <testcase classname="ui.LoginTest" name="checkLogin" time="3.270"/>
  <system-out/>
  <testcase classname="ui.LoginTest" name="checkLogin" time="1.724"/>
  <system-out/>
</testsuite> <!-- ui.LoginTest -->
