<?xml version="1.0" encoding="UTF-8"?>
<!-- Generated by org.testng.reporters.JUnitReportReporter -->
<testsuite hostname="LAPTOP-Zico" failures="0" tests="4" name="ui.SalaryTest" time="0.007" errors="0" timestamp="2022-02-18T19:45:56 CET" skipped="1">
  <testcase classname="ui.SalaryTest" name="showAll" time="0.005"/>
  <system-out/>
  <testcase classname="ui.SalaryTest" name="showAll" time="0.001"/>
  <system-out/>
  <testcase classname="ui.SalaryTest" name="showAll" time="0.001"/>
  <system-out/>
  <testcase classname="ui.SalaryTest" name="showSalary">
    <skipped/>
  </testcase> <!-- showSalary -->
  <system-out/>
</testsuite> <!-- ui.SalaryTest -->
