<?xml version="1.0" encoding="UTF-8"?>
<!-- Generated by org.testng.reporters.JUnitReportReporter -->
<testsuite hostname="LAPTOP-Zico" failures="0" tests="1" name="webTest.Launcher" time="2.442" errors="0" timestamp="2022-02-19T12:56:02 CET" skipped="0">
  <testcase classname="webTest.Launcher" name="browserSetUp" time="2.442"/>
  <system-out/>
</testsuite> <!-- webTest.Launcher -->
