<?xml version="1.0" encoding="UTF-8"?>
<!-- Generated by org.testng.reporters.JUnitReportReporter -->
<testsuite hostname="LAPTOP-Zico" failures="0" tests="3" name="ui.skipDemoTest" time="0.010" errors="0" timestamp="2022-02-18T10:46:48 CET" skipped="1">
  <testcase classname="ui.skipDemoTest" name="zTest" time="0.001"/>
  <system-out/>
  <testcase classname="ui.skipDemoTest" name="xTest" time="0.009"/>
  <system-out/>
  <testcase classname="ui.skipDemoTest" name="yTest">
    <skipped/>
  </testcase> <!-- yTest -->
  <system-out/>
</testsuite> <!-- ui.skipDemoTest -->
