<?xml version="1.0" encoding="UTF-8"?>
<!-- Generated by org.testng.reporters.JUnitReportReporter -->
<testsuite hostname="LAPTOP-Zico" failures="0" tests="3" name="ui.LoginTest" time="0.007" errors="0" timestamp="2022-02-17T22:32:07 CET" skipped="0">
  <testcase classname="ui.LoginTest" name="loginTest" time="0.004"/>
  <system-out/>
  <testcase classname="ui.LoginTest" name="commentTest" time="0.002"/>
  <system-out/>
  <testcase classname="ui.LoginTest" name="logoutTest" time="0.001"/>
  <system-out/>
</testsuite> <!-- ui.LoginTest -->
