<?xml version="1.0" encoding="UTF-8"?>
<!-- Generated by org.testng.reporters.JUnitReportReporter -->
<testsuite hostname="LAPTOP-Zico" failures="0" tests="1" name="ui.webTest" time="2.443" errors="0" timestamp="2022-10-02T23:58:56 CEST" skipped="0">
  <testcase classname="ui.webTest" name="homePageTest" time="2.443"/>
  <system-out/>
</testsuite> <!-- ui.webTest -->
