<?xml version="1.0" encoding="UTF-8"?>
<!-- Generated by org.testng.reporters.JUnitReportReporter -->
<testsuite hostname="LAPTOP-Zico" failures="0" tests="2" name="ui.groupDemoTest" time="0.002" errors="0" timestamp="2022-10-02T23:58:56 CEST" skipped="0">
  <testcase classname="ui.groupDemoTest" name="cTest" time="0.001"/>
  <system-out/>
  <testcase classname="ui.groupDemoTest" name="aTest" time="0.001"/>
  <system-out/>
</testsuite> <!-- ui.groupDemoTest -->
