<?xml version="1.0" encoding="UTF-8"?>
<!-- Generated by org.testng.reporters.JUnitReportReporter -->
<testsuite hostname="LAPTOP-Zico" failures="0" tests="3" name="ui.LoginTest" time="0.007" errors="0" timestamp="2022-10-02T21:39:41 CEST" skipped="0">
  <testcase classname="ui.LoginTest" name="loginTest" time="0.005"/>
  <system-out/>
  <testcase classname="ui.LoginTest" name="commentTest" time="0.000"/>
  <system-out/>
  <testcase classname="ui.LoginTest" name="logoutTest" time="0.002"/>
  <system-out/>
</testsuite> <!-- ui.LoginTest -->
